make all --print-data-base --no-builtin-variables --no-builtin-rules --question
# GNU Make 3.81
# Copyright (C) 2006  Free Software Foundation, Inc.
# This is free software; see the source for copying conditions.
# There is NO warranty; not even for MERCHANTABILITY or FITNESS FOR A
# PARTICULAR PURPOSE.

# This program built for i386-apple-darwin11.3.0
 

# Make data base, printed on Sat Jun  4 23:19:42 2022

# Variables

# automatic
<D = $(patsubst %/,%,$(dir $<))
# automatic
?F = $(notdir $?)
# makefile (from `Makefile', line 5)
SRC := src
# environment
VSCODE_LOG_NATIVE = false
# automatic
?D = $(patsubst %/,%,$(dir $?))
# automatic
@D = $(patsubst %/,%,$(dir $@))
# automatic
@F = $(notdir $@)
# makefile
CURDIR := /Users/carl/Main/Projects/0 TopDownShooter/TopDown-Egoshooter
# makefile
SHELL = /bin/sh
# environment
VSCODE_NLS_CONFIG = {"locale":"de","availableLanguages":{},"_languagePackSupport":true}
# environment
_ = /usr/bin/make
# makefile (from `Makefile', line 1)
MAKEFILE_LIST :=  Makefile
# environment
VSCODE_VERBOSE_LOGGING = true
# environment
__CFBundleIdentifier = com.microsoft.VSCode
# environment
VSCODE_IPC_HOOK_EXTHOST = /var/folders/d4/z2y_lllx71d6w2fwj8rnsc_c0000gp/T/vscode-ipc-57133da9-2b60-4924-80b5-82a8c8c221ef.sock
# environment
VSCODE_CWD = /
# environment
PATH = /Applications/CMake.app/Contents/bin:/Users/carl/opt/anaconda3/bin:/Library/Frameworks/Python.framework/Versions/3.10/bin:/usr/local/bin:/usr/bin:/bin:/usr/sbin:/sbin:/usr/local/share/dotnet:/opt/X11/bin:~/.dotnet/tools:/Library/Frameworks/Mono.framework/Versions/Current/Commands
# environment
VSCODE_LOG_STACK = false
# environment
ELECTRON_RUN_AS_NODE = 1
# default
.FEATURES := target-specific order-only second-expansion else-if archives jobserver check-symlink
# environment
SSH_AUTH_SOCK = /private/tmp/com.apple.launchd.g9zPGxJtzm/Listeners
# automatic
%F = $(notdir $%)
# environment
DISPLAY = /private/tmp/com.apple.launchd.i3Knecydeq/org.xquartz:0
# environment
VSCODE_PIPE_LOGGING = true
# environment
PWD = /Users/carl/Main/Projects/0 TopDownShooter/TopDown-Egoshooter
# environment
ORIGINAL_XDG_CURRENT_DESKTOP = undefined
# environment
VSCODE_AMD_ENTRYPOINT = vs/workbench/api/node/extensionHostProcess
# environment
HOME = /Users/carl
# default
MAKEFILEPATH = $(shell /usr/bin/xcode-select -print-path 2>/dev/null || echo /Developer)/Makefiles
# environment
VSCODE_CODE_CACHE_PATH = /Users/carl/Library/Application Support/Code/CachedData/c3511e6c69bb39013c4a4b7b9566ec1ca73fc4d5
# environment
LOGNAME = carl
# environment
APPLICATION_INSIGHTS_NO_DIAGNOSTIC_CHANNEL = 1
# environment
VSCODE_HANDLES_UNCAUGHT_ERRORS = true
# automatic
^D = $(patsubst %/,%,$(dir $^))
 
# environment
XPC_FLAGS = 0x0
# default
MAKE = $(MAKE_COMMAND)
# default
MAKECMDGOALS := all
# environment
SHLVL = 1
# makefile (from `Makefile', line 2)
CXX_FLAGS := -std=c++17 -fdiagnostics-color=always -g -Wall -Wpedantic `sdl2-config --libs --cflags`
# default
MAKE_VERSION := 3.81
# environment
USER = carl
# makefile
.DEFAULT_GOAL := all
# makefile (from `Makefile', line 6)
INCLUDE := include
# automatic
%D = $(patsubst %/,%,$(dir $%))
# default
MAKE_COMMAND := /Library/Developer/CommandLineTools/usr/bin/make
# default
.VARIABLES := 
# environment
TMPDIR = /var/folders/d4/z2y_lllx71d6w2fwj8rnsc_c0000gp/T/
# automatic
*F = $(notdir $*)
# environment
VSCODE_IPC_HOOK = /Users/carl/Library/Application Support/Code/1.67.2-main.sock
# makefile
MAKEFLAGS = Rrqp
# environment
MFLAGS = -Rrqp
# automatic
*D = $(patsubst %/,%,$(dir $*))
# environment
XPC_SERVICE_NAME = application.com.microsoft.VSCode.50539611.50539618
# automatic
+D = $(patsubst %/,%,$(dir $+))
# automatic
+F = $(notdir $+)
# environment
__CF_USER_TEXT_ENCODING = 0x1F6:0x0:0x3
# environment
COMMAND_MODE = unix2003
# default
MAKEFILES := 
# automatic
<F = $(notdir $<)
# makefile (from `Makefile', line 1)
CXX := /usr/bin/g++
# environment
LC_ALL = C
# makefile (from `Makefile', line 3)
LIBRARIES := -lfmt -lSDL2_image -lSDL2_ttf -I/usr/local/include/SDL2 -D_THREAD_SAFE
# automatic
^F = $(notdir $^)
# default
SUFFIXES := 
# default
.INCLUDE_DIRS = /usr/local/include
# environment
MAKELEVEL := 0
# environment
LANG = C
# environment
VSCODE_PID = 15609
# variable set hash-table stats:
# Load=68/1024=7%, Rehash=0, Collisions=2/97=2%

# Pattern-specific Variable Values

# No pattern-specific variable values.

# Directories

# . (device 16777220, inode 47956868): 15 files, no impossibilities.
# src (device 16777220, inode 51364286): 5 files, no impossibilities.

# 20 files, no impossibilities in 2 directories.

# Implicit Rules

# No implicit rules.

# Files

all: clean main.out
#  Command-line target.
#  Implicit rule search has been done.
#  File does not exist.
#  File has been updated.
#  Needs to be updated (-q is set).
# variable set hash-table stats:
# Load=0/32=0%, Rehash=0, Collisions=0/2=0%

main.out: main.cpp src/entities.cpp src/tileLib.cpp src/vector2D.cpp
#  Implicit rule search has not been done.
#  Modification time never checked.
#  File has not been updated.
 
#  commands to execute (from `Makefile', line 11):
	$(CXX) $(CXX_FLAGS) -I$(INCLUDE) $^ -o $@ $(LIBRARIES)
	

# Not a target:
.SUFFIXES:
#  Implicit rule search has not been done.
#  Modification time never checked.
#  File has not been updated.

# Not a target:
Makefile:
#  Implicit rule search has been done.
#  Last modified 2022-06-04 22:37:16
#  File has been updated.
#  Successfully updated.
# variable set hash-table stats:
# Load=0/32=0%, Rehash=0, Collisions=0/0=0%

# Not a target:
main.cpp:
#  Implicit rule search has not been done.
#  Modification time never checked.
#  File has not been updated.

# Not a target:
src/tileLib.cpp:
#  Implicit rule search has not been done.
#  Modification time never checked.
#  File has not been updated.

# Not a target:
.DEFAULT:
#  Implicit rule search has not been done.
#  Modification time never checked.
#  File has not been updated.

# Not a target:
src/vector2D.cpp:
#  Implicit rule search has not been done.
#  Modification time never checked.
#  File has not been updated.

run: all
#  Implicit rule search has not been done.
#  Modification time never checked.
#  File has not been updated.
#  commands to execute (from `Makefile', line 14):
	./main.out
	

clean:
#  Implicit rule search has not been done.
#  Implicit/static pattern stem: `'
#  File does not exist.
#  File has been updated.
#  Needs to be updated (-q is set).
# automatic
# @ := clean
# automatic
# % := 
# automatic
# * := 
# automatic
# + := 
# automatic
# | := 
# automatic
# < := 
# automatic
# ^ := 
# automatic
# ? := 
# variable set hash-table stats:
# Load=8/32=25%, Rehash=0, Collisions=1/10=10%
#  commands to execute (from `Makefile', line 17):
	rm -f *.out
	

# Not a target:
src/entities.cpp:
#  Implicit rule search has not been done.
#  Modification time never checked.
#  File has not been updated.

# files hash-table stats:
# Load=11/1024=1%, Rehash=0, Collisions=0/32=0%
# VPATH Search Paths

# No `vpath' search paths.

# No general (`VPATH' variable) search path.

# # of strings in strcache: 1
# # of strcache buffers: 1
# strcache size: total = 4096 / max = 4096 / min = 4096 / avg = 4096
# strcache free: total = 4087 / max = 4087 / min = 4087 / avg = 4087

# Finished Make data base on Sat Jun  4 23:19:42 2022

 
